<?xml version="1.0" encoding="UTF-8"?>
<testng-results skipped="0" failed="0" ignored="0" total="1" passed="1">
  <reporter-output>
  </reporter-output>
  <suite name="Default suite" duration-ms="62" started-at="2019-11-22T13:12:05Z" finished-at="2019-11-22T13:12:05Z">
    <groups>
    </groups>
    <test name="Default test" duration-ms="62" started-at="2019-11-22T13:12:05Z" finished-at="2019-11-22T13:12:05Z">
      <class name="com.mobileapp.project.BDI3.App">
        <test-method status="PASS" signature="Method()[pri:0, instance:com.mobileapp.project.BDI3.App@42d80b78]" name="Method" duration-ms="24" started-at="2019-11-22T13:12:05Z" finished-at="2019-11-22T13:12:05Z">
          <reporter-output>
          </reporter-output>
        </test-method> <!-- Method -->
      </class> <!-- com.mobileapp.project.BDI3.App -->
    </test> <!-- Default test -->
  </suite> <!-- Default suite -->
</testng-results>
